<?xml version="1.0" encoding="UTF-8"?>
<Site BuildName="(empty)"
	BuildStamp="20231005-1254-Experimental"
	Name="(empty)"
	Generator="ctest-3.20.2"
	CompilerName=""
	CompilerVersion=""
	OSName="Linux"
	Hostname="wg0405"
	OSRelease="4.18.0-477.10.1.el8_8.x86_64"
	OSVersion="#1 SMP Wed Apr 5 13:35:01 EDT 2023"
	OSPlatform="x86_64"
	Is64Bits="1"
	VendorString="GenuineIntel"
	VendorID="Intel Corporation"
	FamilyID="6"
	ModelID="183"
	ProcessorCacheSize="30720"
	NumberOfLogicalCPU="24"
	NumberOfPhysicalCPU="16"
	TotalVirtualMemory="32767"
	TotalPhysicalMemory="63765"
	LogicalProcessorsPerPhysical="1"
	ProcessorClockFrequency="2100"
	>
	<Testing>
		<StartDateTime>Oct 05 14:02 BST</StartDateTime>
		<StartTestTime>1696510965</StartTestTime>
		<TestList/>
		<EndDateTime>Oct 05 14:02 BST</EndDateTime>
		<EndTestTime>1696510965</EndTestTime>
		<ElapsedMinutes>0</ElapsedMinutes>
	</Testing>
</Site>
